<?xml version="1.0" encoding="UTF-8"?>
<!-- Generated by org.testng.reporters.JUnitReportReporter -->
<testsuite hostname="Oprekin-PC" name="com.scripts.HerokuAppTest" tests="1" failures="0" timestamp="21 Dec 2021 14:15:44 GMT" time="14.700" errors="0">
  <testcase name="signUpTest" time="14.700" classname="com.scripts.HerokuAppTest"/>
</testsuite> <!-- com.scripts.HerokuAppTest -->
