<?xml version="1.0" encoding="UTF-8"?>
<!-- Generated by org.testng.reporters.JUnitReportReporter -->
<testsuite hostname="Oprekin-PC" name="com.scripts.OrangeHRMTest" tests="1" failures="0" timestamp="22 Dec 2021 12:29:53 GMT" time="2.076" errors="0">
  <testcase name="orangeHRMLoginTest" time="2.076" classname="com.scripts.OrangeHRMTest"/>
</testsuite> <!-- com.scripts.OrangeHRMTest -->
