<?xml version="1.0" encoding="UTF-8"?>
<!-- Generated by org.testng.reporters.JUnitReportReporter -->
<testsuite hostname="Oprekin-PC" name="com.scripts.SignUpTest" tests="1" failures="0" timestamp="20 Dec 2021 15:46:38 GMT" time="1.275" errors="0">
  <testcase name="signUpTest" time="1.275" classname="com.scripts.SignUpTest"/>
</testsuite> <!-- com.scripts.SignUpTest -->
